[2026-04-06 09:44:06] laravel.EMERGENCY: Unable to create configured logger. Using emergency logger. {"exception":"[object] (InvalidArgumentException(code: 0): Log [] is not defined. at C:/Users/rizki/Pictures/INFOKOM-REACT/pemesanan-tiket-kereta-laravel/vendor/laravel/framework/src/Illuminate/Log/LogManager.php:212)
[stacktrace]
#0 C:/Users/rizki/Pictures/INFOKOM-REACT/pemesanan-tiket-kereta-laravel/vendor/laravel/framework/src/Illuminate/Log/LogManager.php(137): Illuminate/Log/LogManager->resolve(NULL, NULL)
#1 C:/Users/rizki/Pictures/INFOKOM-REACT/pemesanan-tiket-kereta-laravel/vendor/laravel/framework/src/Illuminate/Log/LogManager.php(124): Illuminate/Log/LogManager->get(NULL)
#2 C:/Users/rizki/Pictures/INFOKOM-REACT/pemesanan-tiket-kereta-laravel/vendor/laravel/framework/src/Illuminate/Log/LogManager.php(681): Illuminate/Log/LogManager->driver()
#3 C:/Users/rizki/Pictures/INFOKOM-REACT/pemesanan-tiket-kereta-laravel/vendor/laravel/framework/src/Illuminate/Foundation/Exceptions/Handler.php(317): Illuminate/Log/LogManager->error('SQLSTATE[HY000]...', Array)
#4 C:/Users/rizki/Pictures/INFOKOM-REACT/pemesanan-tiket-kereta-laravel/vendor/laravel/framework/src/Illuminate/Foundation/Exceptions/Handler.php(278): Illuminate/Foundation/Exceptions/Handler->reportThrowable(Object(Illuminate/Database/QueryException))
#5 C:/Users/rizki/Pictures/INFOKOM-REACT/pemesanan-tiket-kereta-laravel/vendor/laravel/framework/src/Illuminate/Routing/Pipeline.php(49): Illuminate/Foundation/Exceptions/Handler->report(Object(Illuminate/Database/QueryException))
#6 C:/Users/rizki/Pictures/INFOKOM-REACT/pemesanan-tiket-kereta-laravel/vendor/laravel/framework/src/Illuminate/Pipeline/Pipeline.php(188): Illuminate/Routing/Pipeline->handleException(Object(Illuminate/Http/Request), Object(Illuminate/Database/QueryException))
#7 C:/Users/rizki/Pictures/INFOKOM-REACT/pemesanan-tiket-kereta-laravel/vendor/laravel/framework/src/Illuminate/Routing/Middleware/SubstituteBindings.php(50): Illuminate/Pipeline/Pipeline->Illuminate/Pipeline/{closure}(Object(Illuminate/Http/Request))
#8 C:/Users/rizki/Pictures/INFOKOM-REACT/pemesanan-tiket-kereta-laravel/vendor/laravel/framework/src/Illuminate/Pipeline/Pipeline.php(183): Illuminate/Routing/Middleware/SubstituteBindings->handle(Object(Illuminate/Http/Request), Object(Closure))
#9 C:/Users/rizki/Pictures/INFOKOM-REACT/pemesanan-tiket-kereta-laravel/vendor/laravel/framework/src/Illuminate/Foundation/Http/Middleware/VerifyCsrfToken.php(78): Illuminate/Pipeline/Pipeline->Illuminate/Pipeline/{closure}(Object(Illuminate/Http/Request))
#10 C:/Users/rizki/Pictures/INFOKOM-REACT/pemesanan-tiket-kereta-laravel/vendor/laravel/framework/src/Illuminate/Pipeline/Pipeline.php(183): Illuminate/Foundation/Http/Middleware/VerifyCsrfToken->handle(Object(Illuminate/Http/Request), Object(Closure))
#11 C:/Users/rizki/Pictures/INFOKOM-REACT/pemesanan-tiket-kereta-laravel/vendor/laravel/framework/src/Illuminate/View/Middleware/ShareErrorsFromSession.php(49): Illuminate/Pipeline/Pipeline->Illuminate/Pipeline/{closure}(Object(Illuminate/Http/Request))
#12 C:/Users/rizki/Pictures/INFOKOM-REACT/pemesanan-tiket-kereta-laravel/vendor/laravel/framework/src/Illuminate/Pipeline/Pipeline.php(183): Illuminate/View/Middleware/ShareErrorsFromSession->handle(Object(Illuminate/Http/Request), Object(Closure))
#13 C:/Users/rizki/Pictures/INFOKOM-REACT/pemesanan-tiket-kereta-laravel/vendor/laravel/framework/src/Illuminate/Session/Middleware/StartSession.php(121): Illuminate/Pipeline/Pipeline->Illuminate/Pipeline/{closure}(Object(Illuminate/Http/Request))
#14 C:/Users/rizki/Pictures/INFOKOM-REACT/pemesanan-tiket-kereta-laravel/vendor/laravel/framework/src/Illuminate/Session/Middleware/StartSession.php(64): Illuminate/Session/Middleware/StartSession->handleStatefulRequest(Object(Illuminate/Http/Request), Object(Illuminate/Session/Store), Object(Closure))
#15 C:/Users/rizki/Pictures/INFOKOM-REACT/pemesanan-tiket-kereta-laravel/vendor/laravel/framework/src/Illuminate/Pipeline/Pipeline.php(183): Illuminate/Session/Middleware/StartSession->handle(Object(Illuminate/Http/Request), Object(Closure))
#16 C:/Users/rizki/Pictures/INFOKOM-REACT/pemesanan-tiket-kereta-laravel/vendor/laravel/framework/src/Illuminate/Cookie/Middleware/AddQueuedCookiesToResponse.php(37): Illuminate/Pipeline/Pipeline->Illuminate/Pipeline/{closure}(Object(Illuminate/Http/Request))
#17 C:/Users/rizki/Pictures/INFOKOM-REACT/pemesanan-tiket-kereta-laravel/vendor/laravel/framework/src/Illuminate/Pipeline/Pipeline.php(183): Illuminate/Cookie/Middleware/AddQueuedCookiesToResponse->handle(Object(Illuminate/Http/Request), Object(Closure))
#18 C:/Users/rizki/Pictures/INFOKOM-REACT/pemesanan-tiket-kereta-laravel/vendor/laravel/framework/src/Illuminate/Cookie/Middleware/EncryptCookies.php(67): Illuminate/Pipeline/Pipeline->Illuminate/Pipeline/{closure}(Object(Illuminate/Http/Request))
#19 C:/Users/rizki/Pictures/INFOKOM-REACT/pemesanan-tiket-kereta-laravel/vendor/laravel/framework/src/Illuminate/Pipeline/Pipeline.php(183): Illuminate/Cookie/Middleware/EncryptCookies->handle(Object(Illuminate/Http/Request), Object(Closure))
#20 C:/Users/rizki/Pictures/INFOKOM-REACT/pemesanan-tiket-kereta-laravel/vendor/laravel/framework/src/Illuminate/Pipeline/Pipeline.php(119): Illuminate/Pipeline/Pipeline->Illuminate/Pipeline/{closure}(Object(Illuminate/Http/Request))
#21 C:/Users/rizki/Pictures/INFOKOM-REACT/pemesanan-tiket-kereta-laravel/vendor/laravel/framework/src/Illuminate/Routing/Router.php(805): Illuminate/Pipeline/Pipeline->then(Object(Closure))
#22 C:/Users/rizki/Pictures/INFOKOM-REACT/pemesanan-tiket-kereta-laravel/vendor/laravel/framework/src/Illuminate/Routing/Router.php(784): Illuminate/Routing/Router->runRouteWithinStack(Object(Illuminate/Routing/Route), Object(Illuminate/Http/Request))
#23 C:/Users/rizki/Pictures/INFOKOM-REACT/pemesanan-tiket-kereta-laravel/vendor/laravel/framework/src/Illuminate/Routing/Router.php(748): Illuminate/Routing/Router->runRoute(Object(Illuminate/Http/Request), Object(Illuminate/Routing/Route))
#24 C:/Users/rizki/Pictures/INFOKOM-REACT/pemesanan-tiket-kereta-laravel/vendor/laravel/framework/src/Illuminate/Routing/Router.php(737): Illuminate/Routing/Router->dispatchToRoute(Object(Illuminate/Http/Request))
#25 C:/Users/rizki/Pictures/INFOKOM-REACT/pemesanan-tiket-kereta-laravel/vendor/laravel/framework/src/Illuminate/Foundation/Http/Kernel.php(200): Illuminate/Routing/Router->dispatch(Object(Illuminate/Http/Request))
#26 C:/Users/rizki/Pictures/INFOKOM-REACT/pemesanan-tiket-kereta-laravel/vendor/laravel/framework/src/Illuminate/Pipeline/Pipeline.php(144): Illuminate/Foundation/Http/Kernel->Illuminate/Foundation/Http/{closure}(Object(Illuminate/Http/Request))
#27 C:/Users/rizki/Pictures/INFOKOM-REACT/pemesanan-tiket-kereta-laravel/vendor/laravel/framework/src/Illuminate/Foundation/Http/Middleware/TransformsRequest.php(21): Illuminate/Pipeline/Pipeline->Illuminate/Pipeline/{closure}(Object(Illuminate/Http/Request))
#28 C:/Users/rizki/Pictures/INFOKOM-REACT/pemesanan-tiket-kereta-laravel/vendor/laravel/framework/src/Illuminate/Foundation/Http/Middleware/ConvertEmptyStringsToNull.php(31): Illuminate/Foundation/Http/Middleware/TransformsRequest->handle(Object(Illuminate/Http/Request), Object(Closure))
#29 C:/Users/rizki/Pictures/INFOKOM-REACT/pemesanan-tiket-kereta-laravel/vendor/laravel/framework/src/Illuminate/Pipeline/Pipeline.php(183): Illuminate/Foundation/Http/Middleware/ConvertEmptyStringsToNull->handle(Object(Illuminate/Http/Request), Object(Closure))
#30 C:/Users/rizki/Pictures/INFOKOM-REACT/pemesanan-tiket-kereta-laravel/vendor/laravel/framework/src/Illuminate/Foundation/Http/Middleware/TransformsRequest.php(21): Illuminate/Pipeline/Pipeline->Illuminate/Pipeline/{closure}(Object(Illuminate/Http/Request))
#31 C:/Users/rizki/Pictures/INFOKOM-REACT/pemesanan-tiket-kereta-laravel/vendor/laravel/framework/src/Illuminate/Foundation/Http/Middleware/TrimStrings.php(40): Illuminate/Foundation/Http/Middleware/TransformsRequest->handle(Object(Illuminate/Http/Request), Object(Closure))
#32 C:/Users/rizki/Pictures/INFOKOM-REACT/pemesanan-tiket-kereta-laravel/vendor/laravel/framework/src/Illuminate/Pipeline/Pipeline.php(183): Illuminate/Foundation/Http/Middleware/TrimStrings->handle(Object(Illuminate/Http/Request), Object(Closure))
#33 C:/Users/rizki/Pictures/INFOKOM-REACT/pemesanan-tiket-kereta-laravel/vendor/laravel/framework/src/Illuminate/Foundation/Http/Middleware/ValidatePostSize.php(27): Illuminate/Pipeline/Pipeline->Illuminate/Pipeline/{closure}(Object(Illuminate/Http/Request))
#34 C:/Users/rizki/Pictures/INFOKOM-REACT/pemesanan-tiket-kereta-laravel/vendor/laravel/framework/src/Illuminate/Pipeline/Pipeline.php(183): Illuminate/Foundation/Http/Middleware/ValidatePostSize->handle(Object(Illuminate/Http/Request), Object(Closure))
#35 C:/Users/rizki/Pictures/INFOKOM-REACT/pemesanan-tiket-kereta-laravel/vendor/laravel/framework/src/Illuminate/Foundation/Http/Middleware/PreventRequestsDuringMaintenance.php(99): Illuminate/Pipeline/Pipeline->Illuminate/Pipeline/{closure}(Object(Illuminate/Http/Request))
#36 C:/Users/rizki/Pictures/INFOKOM-REACT/pemesanan-tiket-kereta-laravel/vendor/laravel/framework/src/Illuminate/Pipeline/Pipeline.php(183): Illuminate/Foundation/Http/Middleware/PreventRequestsDuringMaintenance->handle(Object(Illuminate/Http/Request), Object(Closure))
#37 C:/Users/rizki/Pictures/INFOKOM-REACT/pemesanan-tiket-kereta-laravel/vendor/laravel/framework/src/Illuminate/Http/Middleware/HandleCors.php(49): Illuminate/Pipeline/Pipeline->Illuminate/Pipeline/{closure}(Object(Illuminate/Http/Request))
#38 C:/Users/rizki/Pictures/INFOKOM-REACT/pemesanan-tiket-kereta-laravel/vendor/laravel/framework/src/Illuminate/Pipeline/Pipeline.php(183): Illuminate/Http/Middleware/HandleCors->handle(Object(Illuminate/Http/Request), Object(Closure))
#39 C:/Users/rizki/Pictures/INFOKOM-REACT/pemesanan-tiket-kereta-laravel/vendor/laravel/framework/src/Illuminate/Http/Middleware/TrustProxies.php(39): Illuminate/Pipeline/Pipeline->Illuminate/Pipeline/{closure}(Object(Illuminate/Http/Request))
#40 C:/Users/rizki/Pictures/INFOKOM-REACT/pemesanan-tiket-kereta-laravel/vendor/laravel/framework/src/Illuminate/Pipeline/Pipeline.php(183): Illuminate/Http/Middleware/TrustProxies->handle(Object(Illuminate/Http/Request), Object(Closure))
#41 C:/Users/rizki/Pictures/INFOKOM-REACT/pemesanan-tiket-kereta-laravel/vendor/laravel/framework/src/Illuminate/Pipeline/Pipeline.php(119): Illuminate/Pipeline/Pipeline->Illuminate/Pipeline/{closure}(Object(Illuminate/Http/Request))
#42 C:/Users/rizki/Pictures/INFOKOM-REACT/pemesanan-tiket-kereta-laravel/vendor/laravel/framework/src/Illuminate/Foundation/Http/Kernel.php(175): Illuminate/Pipeline/Pipeline->then(Object(Closure))
#43 C:/Users/rizki/Pictures/INFOKOM-REACT/pemesanan-tiket-kereta-laravel/vendor/laravel/framework/src/Illuminate/Foundation/Http/Kernel.php(144): Illuminate/Foundation/Http/Kernel->sendRequestThroughRouter(Object(Illuminate/Http/Request))
#44 C:/Users/rizki/Pictures/INFOKOM-REACT/pemesanan-tiket-kereta-laravel/public/index.php(36): Illuminate/Foundation/Http/Kernel->handle(Object(Illuminate/Http/Request))
#45 C:/Users/rizki/Pictures/INFOKOM-REACT/pemesanan-tiket-kereta-laravel/vendor/laravel/framework/src/Illuminate/Foundation/resources/server.php(16): require_once('C://Users//rizki//...')
#46 {main}
"} 
[2026-04-06 09:44:06] laravel.ERROR: SQLSTATE[HY000] [2002] No connection could be made because the target machine actively refused it (Connection: mysql, SQL: select * from `users` where `id` = 2 limit 1) {"exception":"[object] (Illuminate\\Database\\QueryException(code: 2002): SQLSTATE[HY000] [2002] No connection could be made because the target machine actively refused it (Connection: mysql, SQL: select * from `users` where `id` = 2 limit 1) at C:/Users/rizki/Pictures/INFOKOM-REACT/pemesanan-tiket-kereta-laravel/vendor/laravel/framework/src/Illuminate/Database/Connection.php:829)
[stacktrace]
#0 C:/Users/rizki/Pictures/INFOKOM-REACT/pemesanan-tiket-kereta-laravel/vendor/laravel/framework/src/Illuminate/Database/Connection.php(983): Illuminate/Database/Connection->runQueryCallback('select * from `...', Array, Object(Closure))
#1 C:/Users/rizki/Pictures/INFOKOM-REACT/pemesanan-tiket-kereta-laravel/vendor/laravel/framework/src/Illuminate/Database/Connection.php(962): Illuminate/Database/Connection->tryAgainIfCausedByLostConnection(Object(Illuminate/Database/QueryException), 'select * from `...', Array, Object(Closure))
#2 C:/Users/rizki/Pictures/INFOKOM-REACT/pemesanan-tiket-kereta-laravel/vendor/laravel/framework/src/Illuminate/Database/Connection.php(785): Illuminate/Database/Connection->handleQueryException(Object(Illuminate/Database/QueryException), 'select * from `...', Array, Object(Closure))
#3 C:/Users/rizki/Pictures/INFOKOM-REACT/pemesanan-tiket-kereta-laravel/vendor/laravel/framework/src/Illuminate/Database/Connection.php(414): Illuminate/Database/Connection->run('select * from `...', Array, Object(Closure))
#4 C:/Users/rizki/Pictures/INFOKOM-REACT/pemesanan-tiket-kereta-laravel/vendor/laravel/framework/src/Illuminate/Database/Query/Builder.php(2913): Illuminate/Database/Connection->select('select * from `...', Array, true)
#5 C:/Users/rizki/Pictures/INFOKOM-REACT/pemesanan-tiket-kereta-laravel/vendor/laravel/framework/src/Illuminate/Database/Query/Builder.php(2902): Illuminate/Database/Query/Builder->runSelect()
#6 C:/Users/rizki/Pictures/INFOKOM-REACT/pemesanan-tiket-kereta-laravel/vendor/laravel/framework/src/Illuminate/Database/Query/Builder.php(3456): Illuminate/Database/Query/Builder->Illuminate/Database/Query/{closure}()
#7 C:/Users/rizki/Pictures/INFOKOM-REACT/pemesanan-tiket-kereta-laravel/vendor/laravel/framework/src/Illuminate/Database/Query/Builder.php(2901): Illuminate/Database/Query/Builder->onceWithColumns(Array, Object(Closure))
#8 C:/Users/rizki/Pictures/INFOKOM-REACT/pemesanan-tiket-kereta-laravel/vendor/laravel/framework/src/Illuminate/Database/Eloquent/Builder.php(739): Illuminate/Database/Query/Builder->get(Array)
#9 C:/Users/rizki/Pictures/INFOKOM-REACT/pemesanan-tiket-kereta-laravel/vendor/laravel/framework/src/Illuminate/Database/Eloquent/Builder.php(723): Illuminate/Database/Eloquent/Builder->getModels(Array)
#10 C:/Users/rizki/Pictures/INFOKOM-REACT/pemesanan-tiket-kereta-laravel/vendor/laravel/framework/src/Illuminate/Database/Concerns/BuildsQueries.php(333): Illuminate/Database/Eloquent/Builder->get(Array)
#11 C:/Users/rizki/Pictures/INFOKOM-REACT/pemesanan-tiket-kereta-laravel/vendor/laravel/framework/src/Illuminate/Auth/EloquentUserProvider.php(75): Illuminate/Database/Eloquent/Builder->first()
#12 C:/Users/rizki/Pictures/INFOKOM-REACT/pemesanan-tiket-kereta-laravel/vendor/laravel/framework/src/Illuminate/Auth/SessionGuard.php(196): Illuminate/Auth/EloquentUserProvider->retrieveByToken('2', '78NwhkMtmz1QbsN...')
#13 C:/Users/rizki/Pictures/INFOKOM-REACT/pemesanan-tiket-kereta-laravel/vendor/laravel/framework/src/Illuminate/Auth/SessionGuard.php(167): Illuminate/Auth/SessionGuard->userFromRecaller(Object(Illuminate/Auth/Recaller))
#14 C:/Users/rizki/Pictures/INFOKOM-REACT/pemesanan-tiket-kereta-laravel/vendor/laravel/framework/src/Illuminate/Auth/GuardHelpers.php(56): Illuminate/Auth/SessionGuard->user()
#15 C:/Users/rizki/Pictures/INFOKOM-REACT/pemesanan-tiket-kereta-laravel/vendor/laravel/framework/src/Illuminate/Auth/AuthManager.php(340): Illuminate/Auth/SessionGuard->check()
#16 C:/Users/rizki/Pictures/INFOKOM-REACT/pemesanan-tiket-kereta-laravel/vendor/laravel/framework/src/Illuminate/Support/Facades/Facade.php(355): Illuminate/Auth/AuthManager->__call('check', Array)
#17 C:/Users/rizki/Pictures/INFOKOM-REACT/pemesanan-tiket-kereta-laravel/app/Http/Middleware/GuestMiddleware.php(9): Illuminate/Support/Facades/Facade::__callStatic('check', Array)
#18 C:/Users/rizki/Pictures/INFOKOM-REACT/pemesanan-tiket-kereta-laravel/vendor/laravel/framework/src/Illuminate/Pipeline/Pipeline.php(183): App/Http/Middleware/GuestMiddleware->handle(Object(Illuminate/Http/Request), Object(Closure))
#19 C:/Users/rizki/Pictures/INFOKOM-REACT/pemesanan-tiket-kereta-laravel/vendor/laravel/framework/src/Illuminate/Routing/Middleware/SubstituteBindings.php(50): Illuminate/Pipeline/Pipeline->Illuminate/Pipeline/{closure}(Object(Illuminate/Http/Request))
#20 C:/Users/rizki/Pictures/INFOKOM-REACT/pemesanan-tiket-kereta-laravel/vendor/laravel/framework/src/Illuminate/Pipeline/Pipeline.php(183): Illuminate/Routing/Middleware/SubstituteBindings->handle(Object(Illuminate/Http/Request), Object(Closure))
#21 C:/Users/rizki/Pictures/INFOKOM-REACT/pemesanan-tiket-kereta-laravel/vendor/laravel/framework/src/Illuminate/Foundation/Http/Middleware/VerifyCsrfToken.php(78): Illuminate/Pipeline/Pipeline->Illuminate/Pipeline/{closure}(Object(Illuminate/Http/Request))
#22 C:/Users/rizki/Pictures/INFOKOM-REACT/pemesanan-tiket-kereta-laravel/vendor/laravel/framework/src/Illuminate/Pipeline/Pipeline.php(183): Illuminate/Foundation/Http/Middleware/VerifyCsrfToken->handle(Object(Illuminate/Http/Request), Object(Closure))
#23 C:/Users/rizki/Pictures/INFOKOM-REACT/pemesanan-tiket-kereta-laravel/vendor/laravel/framework/src/Illuminate/View/Middleware/ShareErrorsFromSession.php(49): Illuminate/Pipeline/Pipeline->Illuminate/Pipeline/{closure}(Object(Illuminate/Http/Request))
#24 C:/Users/rizki/Pictures/INFOKOM-REACT/pemesanan-tiket-kereta-laravel/vendor/laravel/framework/src/Illuminate/Pipeline/Pipeline.php(183): Illuminate/View/Middleware/ShareErrorsFromSession->handle(Object(Illuminate/Http/Request), Object(Closure))
#25 C:/Users/rizki/Pictures/INFOKOM-REACT/pemesanan-tiket-kereta-laravel/vendor/laravel/framework/src/Illuminate/Session/Middleware/StartSession.php(121): Illuminate/Pipeline/Pipeline->Illuminate/Pipeline/{closure}(Object(Illuminate/Http/Request))
#26 C:/Users/rizki/Pictures/INFOKOM-REACT/pemesanan-tiket-kereta-laravel/vendor/laravel/framework/src/Illuminate/Session/Middleware/StartSession.php(64): Illuminate/Session/Middleware/StartSession->handleStatefulRequest(Object(Illuminate/Http/Request), Object(Illuminate/Session/Store), Object(Closure))
#27 C:/Users/rizki/Pictures/INFOKOM-REACT/pemesanan-tiket-kereta-laravel/vendor/laravel/framework/src/Illuminate/Pipeline/Pipeline.php(183): Illuminate/Session/Middleware/StartSession->handle(Object(Illuminate/Http/Request), Object(Closure))
#28 C:/Users/rizki/Pictures/INFOKOM-REACT/pemesanan-tiket-kereta-laravel/vendor/laravel/framework/src/Illuminate/Cookie/Middleware/AddQueuedCookiesToResponse.php(37): Illuminate/Pipeline/Pipeline->Illuminate/Pipeline/{closure}(Object(Illuminate/Http/Request))
#29 C:/Users/rizki/Pictures/INFOKOM-REACT/pemesanan-tiket-kereta-laravel/vendor/laravel/framework/src/Illuminate/Pipeline/Pipeline.php(183): Illuminate/Cookie/Middleware/AddQueuedCookiesToResponse->handle(Object(Illuminate/Http/Request), Object(Closure))
#30 C:/Users/rizki/Pictures/INFOKOM-REACT/pemesanan-tiket-kereta-laravel/vendor/laravel/framework/src/Illuminate/Cookie/Middleware/EncryptCookies.php(67): Illuminate/Pipeline/Pipeline->Illuminate/Pipeline/{closure}(Object(Illuminate/Http/Request))
#31 C:/Users/rizki/Pictures/INFOKOM-REACT/pemesanan-tiket-kereta-laravel/vendor/laravel/framework/src/Illuminate/Pipeline/Pipeline.php(183): Illuminate/Cookie/Middleware/EncryptCookies->handle(Object(Illuminate/Http/Request), Object(Closure))
#32 C:/Users/rizki/Pictures/INFOKOM-REACT/pemesanan-tiket-kereta-laravel/vendor/laravel/framework/src/Illuminate/Pipeline/Pipeline.php(119): Illuminate/Pipeline/Pipeline->Illuminate/Pipeline/{closure}(Object(Illuminate/Http/Request))
#33 C:/Users/rizki/Pictures/INFOKOM-REACT/pemesanan-tiket-kereta-laravel/vendor/laravel/framework/src/Illuminate/Routing/Router.php(805): Illuminate/Pipeline/Pipeline->then(Object(Closure))
#34 C:/Users/rizki/Pictures/INFOKOM-REACT/pemesanan-tiket-kereta-laravel/vendor/laravel/framework/src/Illuminate/Routing/Router.php(784): Illuminate/Routing/Router->runRouteWithinStack(Object(Illuminate/Routing/Route), Object(Illuminate/Http/Request))
#35 C:/Users/rizki/Pictures/INFOKOM-REACT/pemesanan-tiket-kereta-laravel/vendor/laravel/framework/src/Illuminate/Routing/Router.php(748): Illuminate/Routing/Router->runRoute(Object(Illuminate/Http/Request), Object(Illuminate/Routing/Route))
#36 C:/Users/rizki/Pictures/INFOKOM-REACT/pemesanan-tiket-kereta-laravel/vendor/laravel/framework/src/Illuminate/Routing/Router.php(737): Illuminate/Routing/Router->dispatchToRoute(Object(Illuminate/Http/Request))
#37 C:/Users/rizki/Pictures/INFOKOM-REACT/pemesanan-tiket-kereta-laravel/vendor/laravel/framework/src/Illuminate/Foundation/Http/Kernel.php(200): Illuminate/Routing/Router->dispatch(Object(Illuminate/Http/Request))
#38 C:/Users/rizki/Pictures/INFOKOM-REACT/pemesanan-tiket-kereta-laravel/vendor/laravel/framework/src/Illuminate/Pipeline/Pipeline.php(144): Illuminate/Foundation/Http/Kernel->Illuminate/Foundation/Http/{closure}(Object(Illuminate/Http/Request))
#39 C:/Users/rizki/Pictures/INFOKOM-REACT/pemesanan-tiket-kereta-laravel/vendor/laravel/framework/src/Illuminate/Foundation/Http/Middleware/TransformsRequest.php(21): Illuminate/Pipeline/Pipeline->Illuminate/Pipeline/{closure}(Object(Illuminate/Http/Request))
#40 C:/Users/rizki/Pictures/INFOKOM-REACT/pemesanan-tiket-kereta-laravel/vendor/laravel/framework/src/Illuminate/Foundation/Http/Middleware/ConvertEmptyStringsToNull.php(31): Illuminate/Foundation/Http/Middleware/TransformsRequest->handle(Object(Illuminate/Http/Request), Object(Closure))
#41 C:/Users/rizki/Pictures/INFOKOM-REACT/pemesanan-tiket-kereta-laravel/vendor/laravel/framework/src/Illuminate/Pipeline/Pipeline.php(183): Illuminate/Foundation/Http/Middleware/ConvertEmptyStringsToNull->handle(Object(Illuminate/Http/Request), Object(Closure))
#42 C:/Users/rizki/Pictures/INFOKOM-REACT/pemesanan-tiket-kereta-laravel/vendor/laravel/framework/src/Illuminate/Foundation/Http/Middleware/TransformsRequest.php(21): Illuminate/Pipeline/Pipeline->Illuminate/Pipeline/{closure}(Object(Illuminate/Http/Request))
#43 C:/Users/rizki/Pictures/INFOKOM-REACT/pemesanan-tiket-kereta-laravel/vendor/laravel/framework/src/Illuminate/Foundation/Http/Middleware/TrimStrings.php(40): Illuminate/Foundation/Http/Middleware/TransformsRequest->handle(Object(Illuminate/Http/Request), Object(Closure))
#44 C:/Users/rizki/Pictures/INFOKOM-REACT/pemesanan-tiket-kereta-laravel/vendor/laravel/framework/src/Illuminate/Pipeline/Pipeline.php(183): Illuminate/Foundation/Http/Middleware/TrimStrings->handle(Object(Illuminate/Http/Request), Object(Closure))
#45 C:/Users/rizki/Pictures/INFOKOM-REACT/pemesanan-tiket-kereta-laravel/vendor/laravel/framework/src/Illuminate/Foundation/Http/Middleware/ValidatePostSize.php(27): Illuminate/Pipeline/Pipeline->Illuminate/Pipeline/{closure}(Object(Illuminate/Http/Request))
#46 C:/Users/rizki/Pictures/INFOKOM-REACT/pemesanan-tiket-kereta-laravel/vendor/laravel/framework/src/Illuminate/Pipeline/Pipeline.php(183): Illuminate/Foundation/Http/Middleware/ValidatePostSize->handle(Object(Illuminate/Http/Request), Object(Closure))
#47 C:/Users/rizki/Pictures/INFOKOM-REACT/pemesanan-tiket-kereta-laravel/vendor/laravel/framework/src/Illuminate/Foundation/Http/Middleware/PreventRequestsDuringMaintenance.php(99): Illuminate/Pipeline/Pipeline->Illuminate/Pipeline/{closure}(Object(Illuminate/Http/Request))
#48 C:/Users/rizki/Pictures/INFOKOM-REACT/pemesanan-tiket-kereta-laravel/vendor/laravel/framework/src/Illuminate/Pipeline/Pipeline.php(183): Illuminate/Foundation/Http/Middleware/PreventRequestsDuringMaintenance->handle(Object(Illuminate/Http/Request), Object(Closure))
#49 C:/Users/rizki/Pictures/INFOKOM-REACT/pemesanan-tiket-kereta-laravel/vendor/laravel/framework/src/Illuminate/Http/Middleware/HandleCors.php(49): Illuminate/Pipeline/Pipeline->Illuminate/Pipeline/{closure}(Object(Illuminate/Http/Request))
#50 C:/Users/rizki/Pictures/INFOKOM-REACT/pemesanan-tiket-kereta-laravel/vendor/laravel/framework/src/Illuminate/Pipeline/Pipeline.php(183): Illuminate/Http/Middleware/HandleCors->handle(Object(Illuminate/Http/Request), Object(Closure))
#51 C:/Users/rizki/Pictures/INFOKOM-REACT/pemesanan-tiket-kereta-laravel/vendor/laravel/framework/src/Illuminate/Http/Middleware/TrustProxies.php(39): Illuminate/Pipeline/Pipeline->Illuminate/Pipeline/{closure}(Object(Illuminate/Http/Request))
#52 C:/Users/rizki/Pictures/INFOKOM-REACT/pemesanan-tiket-kereta-laravel/vendor/laravel/framework/src/Illuminate/Pipeline/Pipeline.php(183): Illuminate/Http/Middleware/TrustProxies->handle(Object(Illuminate/Http/Request), Object(Closure))
#53 C:/Users/rizki/Pictures/INFOKOM-REACT/pemesanan-tiket-kereta-laravel/vendor/laravel/framework/src/Illuminate/Pipeline/Pipeline.php(119): Illuminate/Pipeline/Pipeline->Illuminate/Pipeline/{closure}(Object(Illuminate/Http/Request))
#54 C:/Users/rizki/Pictures/INFOKOM-REACT/pemesanan-tiket-kereta-laravel/vendor/laravel/framework/src/Illuminate/Foundation/Http/Kernel.php(175): Illuminate/Pipeline/Pipeline->then(Object(Closure))
#55 C:/Users/rizki/Pictures/INFOKOM-REACT/pemesanan-tiket-kereta-laravel/vendor/laravel/framework/src/Illuminate/Foundation/Http/Kernel.php(144): Illuminate/Foundation/Http/Kernel->sendRequestThroughRouter(Object(Illuminate/Http/Request))
#56 C:/Users/rizki/Pictures/INFOKOM-REACT/pemesanan-tiket-kereta-laravel/public/index.php(36): Illuminate/Foundation/Http/Kernel->handle(Object(Illuminate/Http/Request))
#57 C:/Users/rizki/Pictures/INFOKOM-REACT/pemesanan-tiket-kereta-laravel/vendor/laravel/framework/src/Illuminate/Foundation/resources/server.php(16): require_once('C://Users//rizki//...')
#58 {main}

[previous exception] [object] (PDOException(code: 2002): SQLSTATE[HY000] [2002] No connection could be made because the target machine actively refused it at C:/Users/rizki/Pictures/INFOKOM-REACT/pemesanan-tiket-kereta-laravel/vendor/laravel/framework/src/Illuminate/Database/Connectors/Connector.php:65)
[stacktrace]
#0 C:/Users/rizki/Pictures/INFOKOM-REACT/pemesanan-tiket-kereta-laravel/vendor/laravel/framework/src/Illuminate/Database/Connectors/Connector.php(65): PDO->__construct('mysql:host=127....', 'root', Object(SensitiveParameterValue), Array)
#1 C:/Users/rizki/Pictures/INFOKOM-REACT/pemesanan-tiket-kereta-laravel/vendor/laravel/framework/src/Illuminate/Database/Connectors/Connector.php(83): Illuminate/Database/Connectors/Connector->createPdoConnection('mysql:host=127....', 'root', '', Array)
#2 C:/Users/rizki/Pictures/INFOKOM-REACT/pemesanan-tiket-kereta-laravel/vendor/laravel/framework/src/Illuminate/Database/Connectors/Connector.php(48): Illuminate/Database/Connectors/Connector->tryAgainIfCausedByLostConnection(Object(PDOException), 'mysql:host=127....', 'root', '', Array)
#3 C:/Users/rizki/Pictures/INFOKOM-REACT/pemesanan-tiket-kereta-laravel/vendor/laravel/framework/src/Illuminate/Database/Connectors/MySqlConnector.php(24): Illuminate/Database/Connectors/Connector->createConnection('mysql:host=127....', Array, Array)
#4 C:/Users/rizki/Pictures/INFOKOM-REACT/pemesanan-tiket-kereta-laravel/vendor/laravel/framework/src/Illuminate/Database/Connectors/ConnectionFactory.php(184): Illuminate/Database/Connectors/MySqlConnector->connect(Array)
#5 [internal function]: Illuminate/Database/Connectors/ConnectionFactory->Illuminate/Database/Connectors/{closure}()
#6 C:/Users/rizki/Pictures/INFOKOM-REACT/pemesanan-tiket-kereta-laravel/vendor/laravel/framework/src/Illuminate/Database/Connection.php(1339): call_user_func(Object(Closure))
#7 C:/Users/rizki/Pictures/INFOKOM-REACT/pemesanan-tiket-kereta-laravel/vendor/laravel/framework/src/Illuminate/Database/Connection.php(1375): Illuminate/Database/Connection->getPdo()
#8 C:/Users/rizki/Pictures/INFOKOM-REACT/pemesanan-tiket-kereta-laravel/vendor/laravel/framework/src/Illuminate/Database/Connection.php(528): Illuminate/Database/Connection->getReadPdo()
#9 C:/Users/rizki/Pictures/INFOKOM-REACT/pemesanan-tiket-kereta-laravel/vendor/laravel/framework/src/Illuminate/Database/Connection.php(423): Illuminate/Database/Connection->getPdoForSelect(true)
#10 C:/Users/rizki/Pictures/INFOKOM-REACT/pemesanan-tiket-kereta-laravel/vendor/laravel/framework/src/Illuminate/Database/Connection.php(816): Illuminate/Database/Connection->Illuminate/Database/{closure}('select * from `...', Array)
#11 C:/Users/rizki/Pictures/INFOKOM-REACT/pemesanan-tiket-kereta-laravel/vendor/laravel/framework/src/Illuminate/Database/Connection.php(983): Illuminate/Database/Connection->runQueryCallback('select * from `...', Array, Object(Closure))
#12 C:/Users/rizki/Pictures/INFOKOM-REACT/pemesanan-tiket-kereta-laravel/vendor/laravel/framework/src/Illuminate/Database/Connection.php(962): Illuminate/Database/Connection->tryAgainIfCausedByLostConnection(Object(Illuminate/Database/QueryException), 'select * from `...', Array, Object(Closure))
#13 C:/Users/rizki/Pictures/INFOKOM-REACT/pemesanan-tiket-kereta-laravel/vendor/laravel/framework/src/Illuminate/Database/Connection.php(785): Illuminate/Database/Connection->handleQueryException(Object(Illuminate/Database/QueryException), 'select * from `...', Array, Object(Closure))
#14 C:/Users/rizki/Pictures/INFOKOM-REACT/pemesanan-tiket-kereta-laravel/vendor/laravel/framework/src/Illuminate/Database/Connection.php(414): Illuminate/Database/Connection->run('select * from `...', Array, Object(Closure))
#15 C:/Users/rizki/Pictures/INFOKOM-REACT/pemesanan-tiket-kereta-laravel/vendor/laravel/framework/src/Illuminate/Database/Query/Builder.php(2913): Illuminate/Database/Connection->select('select * from `...', Array, true)
#16 C:/Users/rizki/Pictures/INFOKOM-REACT/pemesanan-tiket-kereta-laravel/vendor/laravel/framework/src/Illuminate/Database/Query/Builder.php(2902): Illuminate/Database/Query/Builder->runSelect()
#17 C:/Users/rizki/Pictures/INFOKOM-REACT/pemesanan-tiket-kereta-laravel/vendor/laravel/framework/src/Illuminate/Database/Query/Builder.php(3456): Illuminate/Database/Query/Builder->Illuminate/Database/Query/{closure}()
#18 C:/Users/rizki/Pictures/INFOKOM-REACT/pemesanan-tiket-kereta-laravel/vendor/laravel/framework/src/Illuminate/Database/Query/Builder.php(2901): Illuminate/Database/Query/Builder->onceWithColumns(Array, Object(Closure))
#19 C:/Users/rizki/Pictures/INFOKOM-REACT/pemesanan-tiket-kereta-laravel/vendor/laravel/framework/src/Illuminate/Database/Eloquent/Builder.php(739): Illuminate/Database/Query/Builder->get(Array)
#20 C:/Users/rizki/Pictures/INFOKOM-REACT/pemesanan-tiket-kereta-laravel/vendor/laravel/framework/src/Illuminate/Database/Eloquent/Builder.php(723): Illuminate/Database/Eloquent/Builder->getModels(Array)
#21 C:/Users/rizki/Pictures/INFOKOM-REACT/pemesanan-tiket-kereta-laravel/vendor/laravel/framework/src/Illuminate/Database/Concerns/BuildsQueries.php(333): Illuminate/Database/Eloquent/Builder->get(Array)
#22 C:/Users/rizki/Pictures/INFOKOM-REACT/pemesanan-tiket-kereta-laravel/vendor/laravel/framework/src/Illuminate/Auth/EloquentUserProvider.php(75): Illuminate/Database/Eloquent/Builder->first()
#23 C:/Users/rizki/Pictures/INFOKOM-REACT/pemesanan-tiket-kereta-laravel/vendor/laravel/framework/src/Illuminate/Auth/SessionGuard.php(196): Illuminate/Auth/EloquentUserProvider->retrieveByToken('2', '78NwhkMtmz1QbsN...')
#24 C:/Users/rizki/Pictures/INFOKOM-REACT/pemesanan-tiket-kereta-laravel/vendor/laravel/framework/src/Illuminate/Auth/SessionGuard.php(167): Illuminate/Auth/SessionGuard->userFromRecaller(Object(Illuminate/Auth/Recaller))
#25 C:/Users/rizki/Pictures/INFOKOM-REACT/pemesanan-tiket-kereta-laravel/vendor/laravel/framework/src/Illuminate/Auth/GuardHelpers.php(56): Illuminate/Auth/SessionGuard->user()
#26 C:/Users/rizki/Pictures/INFOKOM-REACT/pemesanan-tiket-kereta-laravel/vendor/laravel/framework/src/Illuminate/Auth/AuthManager.php(340): Illuminate/Auth/SessionGuard->check()
#27 C:/Users/rizki/Pictures/INFOKOM-REACT/pemesanan-tiket-kereta-laravel/vendor/laravel/framework/src/Illuminate/Support/Facades/Facade.php(355): Illuminate/Auth/AuthManager->__call('check', Array)
#28 C:/Users/rizki/Pictures/INFOKOM-REACT/pemesanan-tiket-kereta-laravel/app/Http/Middleware/GuestMiddleware.php(9): Illuminate/Support/Facades/Facade::__callStatic('check', Array)
#29 C:/Users/rizki/Pictures/INFOKOM-REACT/pemesanan-tiket-kereta-laravel/vendor/laravel/framework/src/Illuminate/Pipeline/Pipeline.php(183): App/Http/Middleware/GuestMiddleware->handle(Object(Illuminate/Http/Request), Object(Closure))
#30 C:/Users/rizki/Pictures/INFOKOM-REACT/pemesanan-tiket-kereta-laravel/vendor/laravel/framework/src/Illuminate/Routing/Middleware/SubstituteBindings.php(50): Illuminate/Pipeline/Pipeline->Illuminate/Pipeline/{closure}(Object(Illuminate/Http/Request))
#31 C:/Users/rizki/Pictures/INFOKOM-REACT/pemesanan-tiket-kereta-laravel/vendor/laravel/framework/src/Illuminate/Pipeline/Pipeline.php(183): Illuminate/Routing/Middleware/SubstituteBindings->handle(Object(Illuminate/Http/Request), Object(Closure))
#32 C:/Users/rizki/Pictures/INFOKOM-REACT/pemesanan-tiket-kereta-laravel/vendor/laravel/framework/src/Illuminate/Foundation/Http/Middleware/VerifyCsrfToken.php(78): Illuminate/Pipeline/Pipeline->Illuminate/Pipeline/{closure}(Object(Illuminate/Http/Request))
#33 C:/Users/rizki/Pictures/INFOKOM-REACT/pemesanan-tiket-kereta-laravel/vendor/laravel/framework/src/Illuminate/Pipeline/Pipeline.php(183): Illuminate/Foundation/Http/Middleware/VerifyCsrfToken->handle(Object(Illuminate/Http/Request), Object(Closure))
#34 C:/Users/rizki/Pictures/INFOKOM-REACT/pemesanan-tiket-kereta-laravel/vendor/laravel/framework/src/Illuminate/View/Middleware/ShareErrorsFromSession.php(49): Illuminate/Pipeline/Pipeline->Illuminate/Pipeline/{closure}(Object(Illuminate/Http/Request))
#35 C:/Users/rizki/Pictures/INFOKOM-REACT/pemesanan-tiket-kereta-laravel/vendor/laravel/framework/src/Illuminate/Pipeline/Pipeline.php(183): Illuminate/View/Middleware/ShareErrorsFromSession->handle(Object(Illuminate/Http/Request), Object(Closure))
#36 C:/Users/rizki/Pictures/INFOKOM-REACT/pemesanan-tiket-kereta-laravel/vendor/laravel/framework/src/Illuminate/Session/Middleware/StartSession.php(121): Illuminate/Pipeline/Pipeline->Illuminate/Pipeline/{closure}(Object(Illuminate/Http/Request))
#37 C:/Users/rizki/Pictures/INFOKOM-REACT/pemesanan-tiket-kereta-laravel/vendor/laravel/framework/src/Illuminate/Session/Middleware/StartSession.php(64): Illuminate/Session/Middleware/StartSession->handleStatefulRequest(Object(Illuminate/Http/Request), Object(Illuminate/Session/Store), Object(Closure))
#38 C:/Users/rizki/Pictures/INFOKOM-REACT/pemesanan-tiket-kereta-laravel/vendor/laravel/framework/src/Illuminate/Pipeline/Pipeline.php(183): Illuminate/Session/Middleware/StartSession->handle(Object(Illuminate/Http/Request), Object(Closure))
#39 C:/Users/rizki/Pictures/INFOKOM-REACT/pemesanan-tiket-kereta-laravel/vendor/laravel/framework/src/Illuminate/Cookie/Middleware/AddQueuedCookiesToResponse.php(37): Illuminate/Pipeline/Pipeline->Illuminate/Pipeline/{closure}(Object(Illuminate/Http/Request))
#40 C:/Users/rizki/Pictures/INFOKOM-REACT/pemesanan-tiket-kereta-laravel/vendor/laravel/framework/src/Illuminate/Pipeline/Pipeline.php(183): Illuminate/Cookie/Middleware/AddQueuedCookiesToResponse->handle(Object(Illuminate/Http/Request), Object(Closure))
#41 C:/Users/rizki/Pictures/INFOKOM-REACT/pemesanan-tiket-kereta-laravel/vendor/laravel/framework/src/Illuminate/Cookie/Middleware/EncryptCookies.php(67): Illuminate/Pipeline/Pipeline->Illuminate/Pipeline/{closure}(Object(Illuminate/Http/Request))
#42 C:/Users/rizki/Pictures/INFOKOM-REACT/pemesanan-tiket-kereta-laravel/vendor/laravel/framework/src/Illuminate/Pipeline/Pipeline.php(183): Illuminate/Cookie/Middleware/EncryptCookies->handle(Object(Illuminate/Http/Request), Object(Closure))
#43 C:/Users/rizki/Pictures/INFOKOM-REACT/pemesanan-tiket-kereta-laravel/vendor/laravel/framework/src/Illuminate/Pipeline/Pipeline.php(119): Illuminate/Pipeline/Pipeline->Illuminate/Pipeline/{closure}(Object(Illuminate/Http/Request))
#44 C:/Users/rizki/Pictures/INFOKOM-REACT/pemesanan-tiket-kereta-laravel/vendor/laravel/framework/src/Illuminate/Routing/Router.php(805): Illuminate/Pipeline/Pipeline->then(Object(Closure))
#45 C:/Users/rizki/Pictures/INFOKOM-REACT/pemesanan-tiket-kereta-laravel/vendor/laravel/framework/src/Illuminate/Routing/Router.php(784): Illuminate/Routing/Router->runRouteWithinStack(Object(Illuminate/Routing/Route), Object(Illuminate/Http/Request))
#46 C:/Users/rizki/Pictures/INFOKOM-REACT/pemesanan-tiket-kereta-laravel/vendor/laravel/framework/src/Illuminate/Routing/Router.php(748): Illuminate/Routing/Router->runRoute(Object(Illuminate/Http/Request), Object(Illuminate/Routing/Route))
#47 C:/Users/rizki/Pictures/INFOKOM-REACT/pemesanan-tiket-kereta-laravel/vendor/laravel/framework/src/Illuminate/Routing/Router.php(737): Illuminate/Routing/Router->dispatchToRoute(Object(Illuminate/Http/Request))
#48 C:/Users/rizki/Pictures/INFOKOM-REACT/pemesanan-tiket-kereta-laravel/vendor/laravel/framework/src/Illuminate/Foundation/Http/Kernel.php(200): Illuminate/Routing/Router->dispatch(Object(Illuminate/Http/Request))
#49 C:/Users/rizki/Pictures/INFOKOM-REACT/pemesanan-tiket-kereta-laravel/vendor/laravel/framework/src/Illuminate/Pipeline/Pipeline.php(144): Illuminate/Foundation/Http/Kernel->Illuminate/Foundation/Http/{closure}(Object(Illuminate/Http/Request))
#50 C:/Users/rizki/Pictures/INFOKOM-REACT/pemesanan-tiket-kereta-laravel/vendor/laravel/framework/src/Illuminate/Foundation/Http/Middleware/TransformsRequest.php(21): Illuminate/Pipeline/Pipeline->Illuminate/Pipeline/{closure}(Object(Illuminate/Http/Request))
#51 C:/Users/rizki/Pictures/INFOKOM-REACT/pemesanan-tiket-kereta-laravel/vendor/laravel/framework/src/Illuminate/Foundation/Http/Middleware/ConvertEmptyStringsToNull.php(31): Illuminate/Foundation/Http/Middleware/TransformsRequest->handle(Object(Illuminate/Http/Request), Object(Closure))
#52 C:/Users/rizki/Pictures/INFOKOM-REACT/pemesanan-tiket-kereta-laravel/vendor/laravel/framework/src/Illuminate/Pipeline/Pipeline.php(183): Illuminate/Foundation/Http/Middleware/ConvertEmptyStringsToNull->handle(Object(Illuminate/Http/Request), Object(Closure))
#53 C:/Users/rizki/Pictures/INFOKOM-REACT/pemesanan-tiket-kereta-laravel/vendor/laravel/framework/src/Illuminate/Foundation/Http/Middleware/TransformsRequest.php(21): Illuminate/Pipeline/Pipeline->Illuminate/Pipeline/{closure}(Object(Illuminate/Http/Request))
#54 C:/Users/rizki/Pictures/INFOKOM-REACT/pemesanan-tiket-kereta-laravel/vendor/laravel/framework/src/Illuminate/Foundation/Http/Middleware/TrimStrings.php(40): Illuminate/Foundation/Http/Middleware/TransformsRequest->handle(Object(Illuminate/Http/Request), Object(Closure))
#55 C:/Users/rizki/Pictures/INFOKOM-REACT/pemesanan-tiket-kereta-laravel/vendor/laravel/framework/src/Illuminate/Pipeline/Pipeline.php(183): Illuminate/Foundation/Http/Middleware/TrimStrings->handle(Object(Illuminate/Http/Request), Object(Closure))
#56 C:/Users/rizki/Pictures/INFOKOM-REACT/pemesanan-tiket-kereta-laravel/vendor/laravel/framework/src/Illuminate/Foundation/Http/Middleware/ValidatePostSize.php(27): Illuminate/Pipeline/Pipeline->Illuminate/Pipeline/{closure}(Object(Illuminate/Http/Request))
#57 C:/Users/rizki/Pictures/INFOKOM-REACT/pemesanan-tiket-kereta-laravel/vendor/laravel/framework/src/Illuminate/Pipeline/Pipeline.php(183): Illuminate/Foundation/Http/Middleware/ValidatePostSize->handle(Object(Illuminate/Http/Request), Object(Closure))
#58 C:/Users/rizki/Pictures/INFOKOM-REACT/pemesanan-tiket-kereta-laravel/vendor/laravel/framework/src/Illuminate/Foundation/Http/Middleware/PreventRequestsDuringMaintenance.php(99): Illuminate/Pipeline/Pipeline->Illuminate/Pipeline/{closure}(Object(Illuminate/Http/Request))
#59 C:/Users/rizki/Pictures/INFOKOM-REACT/pemesanan-tiket-kereta-laravel/vendor/laravel/framework/src/Illuminate/Pipeline/Pipeline.php(183): Illuminate/Foundation/Http/Middleware/PreventRequestsDuringMaintenance->handle(Object(Illuminate/Http/Request), Object(Closure))
#60 C:/Users/rizki/Pictures/INFOKOM-REACT/pemesanan-tiket-kereta-laravel/vendor/laravel/framework/src/Illuminate/Http/Middleware/HandleCors.php(49): Illuminate/Pipeline/Pipeline->Illuminate/Pipeline/{closure}(Object(Illuminate/Http/Request))
#61 C:/Users/rizki/Pictures/INFOKOM-REACT/pemesanan-tiket-kereta-laravel/vendor/laravel/framework/src/Illuminate/Pipeline/Pipeline.php(183): Illuminate/Http/Middleware/HandleCors->handle(Object(Illuminate/Http/Request), Object(Closure))
#62 C:/Users/rizki/Pictures/INFOKOM-REACT/pemesanan-tiket-kereta-laravel/vendor/laravel/framework/src/Illuminate/Http/Middleware/TrustProxies.php(39): Illuminate/Pipeline/Pipeline->Illuminate/Pipeline/{closure}(Object(Illuminate/Http/Request))
#63 C:/Users/rizki/Pictures/INFOKOM-REACT/pemesanan-tiket-kereta-laravel/vendor/laravel/framework/src/Illuminate/Pipeline/Pipeline.php(183): Illuminate/Http/Middleware/TrustProxies->handle(Object(Illuminate/Http/Request), Object(Closure))
#64 C:/Users/rizki/Pictures/INFOKOM-REACT/pemesanan-tiket-kereta-laravel/vendor/laravel/framework/src/Illuminate/Pipeline/Pipeline.php(119): Illuminate/Pipeline/Pipeline->Illuminate/Pipeline/{closure}(Object(Illuminate/Http/Request))
#65 C:/Users/rizki/Pictures/INFOKOM-REACT/pemesanan-tiket-kereta-laravel/vendor/laravel/framework/src/Illuminate/Foundation/Http/Kernel.php(175): Illuminate/Pipeline/Pipeline->then(Object(Closure))
#66 C:/Users/rizki/Pictures/INFOKOM-REACT/pemesanan-tiket-kereta-laravel/vendor/laravel/framework/src/Illuminate/Foundation/Http/Kernel.php(144): Illuminate/Foundation/Http/Kernel->sendRequestThroughRouter(Object(Illuminate/Http/Request))
#67 C:/Users/rizki/Pictures/INFOKOM-REACT/pemesanan-tiket-kereta-laravel/public/index.php(36): Illuminate/Foundation/Http/Kernel->handle(Object(Illuminate/Http/Request))
#68 C:/Users/rizki/Pictures/INFOKOM-REACT/pemesanan-tiket-kereta-laravel/vendor/laravel/framework/src/Illuminate/Foundation/resources/server.php(16): require_once('C://Users//rizki//...')
#69 {main}
"} 
